어플구현/practice_1/app/build/intermediates/manifest_merge_blame_file/debug/manifest-merger-blame-debug-report.txt
1<?xml version="1.0" encoding="utf-8"?>
2<manifest xmlns:android="http://schemas.android.com/apk/res/android"
3    package="com.example.practice_1"
4    android:versionCode="1"
5    android:versionName="1.0" >
6
7    <uses-sdk
8        android:minSdkVersion="16"
8-->src\main\AndroidManifest.xml
9        android:targetSdkVersion="30" />
9-->src\main\AndroidManifest.xml
10
11    <application
11-->src\main\AndroidManifest.xml:5:5-28:19
12        android:allowBackup="true"
12-->src\main\AndroidManifest.xml:6:9-35
13        android:appComponentFactory="androidx.core.app.CoreComponentFactory"
13-->[androidx.core:core:1.5.0] AndroidManifest.xml:24:18-86
14        android:debuggable="true"
15        android:icon="@mipmap/ic_launcher"
15-->src\main\AndroidManifest.xml:7:9-43
16        android:label="@string/app_name"
16-->src\main\AndroidManifest.xml:8:9-41
17        android:roundIcon="@mipmap/ic_launcher_round"
17-->src\main\AndroidManifest.xml:9:9-54
18        android:supportsRtl="true"
18-->src\main\AndroidManifest.xml:10:9-35
19        android:testOnly="true"
20        android:theme="@style/Theme.Practice_1" >
20-->src\main\AndroidManifest.xml:11:9-48
21
22        <!-- 로그인화면을 맨 처음 화면으로 만들어 준 것. 다른 화면을 원한다면 intent-filter를 다른 화면 아래에 넣어주세요. -->
23        <activity android:name="com.example.practice_1.MainActivity" >
23-->src\main\AndroidManifest.xml:13:9-19:20
23-->src\main\AndroidManifest.xml:13:19-47
24            <intent-filter>
24-->src\main\AndroidManifest.xml:14:13-18:29
25                <action android:name="android.intent.action.MAIN" />
25-->src\main\AndroidManifest.xml:15:17-69
25-->src\main\AndroidManifest.xml:15:25-66
26
27                <category android:name="android.intent.category.LAUNCHER" />
27-->src\main\AndroidManifest.xml:17:17-77
27-->src\main\AndroidManifest.xml:17:27-74
28            </intent-filter>
29        </activity>
30        <activity android:name="com.example.practice_1.Mileage" />
30-->src\main\AndroidManifest.xml:20:9-54
30-->src\main\AndroidManifest.xml:20:19-42
31        <activity android:name="com.example.practice_1.coupon" />
31-->src\main\AndroidManifest.xml:21:9-44
31-->src\main\AndroidManifest.xml:21:19-41
32        <activity android:name="com.example.practice_1.PersonInfo" />
32-->src\main\AndroidManifest.xml:22:9-48
32-->src\main\AndroidManifest.xml:22:19-45
33        <activity android:name="com.example.practice_1.MainhomeActivity" />
33-->src\main\AndroidManifest.xml:23:9-54
33-->src\main\AndroidManifest.xml:23:19-51
34        <activity android:name="com.example.practice_1.Reserve_1" />
34-->src\main\AndroidManifest.xml:24:9-47
34-->src\main\AndroidManifest.xml:24:19-44
35        <activity android:name="com.example.practice_1.Signup" />
35-->src\main\AndroidManifest.xml:25:9-44
35-->src\main\AndroidManifest.xml:25:19-41
36        <activity android:name="com.example.practice_1.payment_1" />
36-->src\main\AndroidManifest.xml:26:9-47
36-->src\main\AndroidManifest.xml:26:19-44
37    </application>
38
39</manifest>